0 info it worked if it ends with ok
1 verbose cli [ 'C:\\Program Files\\nodejs\\node.exe',
1 verbose cli   'C:\\Program Files\\nodejs\\node_modules\\npm\\bin\\npm-cli.js',
1 verbose cli   'start' ]
2 info using npm@3.3.12
3 info using node@v5.4.1
4 verbose run-script [ 'prestart', 'start', 'poststart' ]
5 info lifecycle Start@0.0.0~prestart: Start@0.0.0
6 silly lifecycle Start@0.0.0~prestart: no script for prestart, continuing
7 info lifecycle Start@0.0.0~start: Start@0.0.0
8 verbose lifecycle Start@0.0.0~start: unsafe-perm in lifecycle true
9 verbose lifecycle Start@0.0.0~start: PATH: C:\Users\Cristian\AppData\Roaming\nvm\v5.4.1\node_modules\npm\bin\node-gyp-bin;C:\Users\Cristian\Desktop\pruebas de mean\start\UnachOdontologia\node_modules\.bin;C:\Users\Cristian\bin;C:\Program Files\Git\mingw64\bin;C:\Program Files\Git\usr\local\bin;C:\Program Files\Git\usr\bin;C:\Program Files\Git\usr\bin;C:\Program Files\Git\mingw64\bin;C:\Program Files\Git\usr\bin;C:\Users\Cristian\bin;C:\ProgramData\Oracle\Java\javapath;C:\Program Files (x86)\Intel\iCLS Client;C:\Program Files\Intel\iCLS Client;C:\Windows\system32;C:\Windows;C:\Windows\System32\Wbem;C:\Windows\System32\WindowsPowerShell\v1.0;C:\Program Files (x86)\Intel\OpenCL SDK\2.0\bin\x86;C:\Program Files (x86)\Intel\OpenCL SDK\2.0\bin\x64;C:\Program Files (x86)\Skype\Phone;C:\Program Files\Microsoft\Web Platform Installer;C:\Program Files\Microsoft SQL Server\120\DTS\Binn;C:\Program Files\Microsoft SQL Server\Client SDK\ODBC\110\Tools\Binn;C:\Program Files (x86)\Microsoft SQL Server\120\Tools\Binn;C:\Program Files\Microsoft SQL Server\120\Tools\Binn;C:\Program Files (x86)\Microsoft SQL Server\120\Tools\Binn\ManagementStudio;C:\Program Files (x86)\Microsoft SQL Server\120\DTS\Binn;C:\Program Files\Microsoft SQL Server\110\Tools\Binn;C:\Program Files\Intel\Intel(R) Management Engine Components\DAL;C:\Program Files\Intel\Intel(R) Management Engine Components\IPT;C:\Program Files (x86)\Intel\Intel(R) Management Engine Components\DAL;C:\Program Files (x86)\Intel\Intel(R) Management Engine Components\IPT;C:\Program Files (x86)\pgmodeler;C:\Users\Cristian\AppData\Roaming\nvm;C:\Program Files\nodejs;C:\Program Files\Git\cmd;C:\Program Files\MongoDB\Server\3.0\bin;C:\Program Files (x86)\Microsoft VS Code\bin;C:\Users\Cristian\AppData\Roaming\npm;C:\Users\Cristian\AppData\Roaming\nvm;C:\Program Files\nodejs;C:\Program Files (x86)\SSH Communications Security\SSH Secure Shell;C:\Program Files\Git\usr\bin\vendor_perl;C:\Program Files\Git\usr\bin\core_perl
10 verbose lifecycle Start@0.0.0~start: CWD: C:\Users\Cristian\Desktop\pruebas de mean\start\UnachOdontologia
11 silly lifecycle Start@0.0.0~start: Args: [ '/d /s /c', 'node ./bin/www' ]
12 silly lifecycle Start@0.0.0~start: Returned: code: 1  signal: null
13 info lifecycle Start@0.0.0~start: Failed to exec start script
14 verbose stack Error: Start@0.0.0 start: `node ./bin/www`
14 verbose stack Exit status 1
14 verbose stack     at EventEmitter.<anonymous> (C:\Users\Cristian\AppData\Roaming\nvm\v5.4.1\node_modules\npm\lib\utils\lifecycle.js:232:16)
14 verbose stack     at emitTwo (events.js:87:13)
14 verbose stack     at EventEmitter.emit (events.js:172:7)
14 verbose stack     at ChildProcess.<anonymous> (C:\Users\Cristian\AppData\Roaming\nvm\v5.4.1\node_modules\npm\lib\utils\spawn.js:24:14)
14 verbose stack     at emitTwo (events.js:87:13)
14 verbose stack     at ChildProcess.emit (events.js:172:7)
14 verbose stack     at maybeClose (internal/child_process.js:821:16)
14 verbose stack     at Process.ChildProcess._handle.onexit (internal/child_process.js:211:5)
15 verbose pkgid Start@0.0.0
16 verbose cwd C:\Users\Cristian\Desktop\pruebas de mean\start\UnachOdontologia
17 error Windows_NT 6.3.9600
18 error argv "C:\\Program Files\\nodejs\\node.exe" "C:\\Program Files\\nodejs\\node_modules\\npm\\bin\\npm-cli.js" "start"
19 error node v5.4.1
20 error npm  v3.3.12
21 error code ELIFECYCLE
22 error Start@0.0.0 start: `node ./bin/www`
22 error Exit status 1
23 error Failed at the Start@0.0.0 start script 'node ./bin/www'.
23 error Make sure you have the latest version of node.js and npm installed.
23 error If you do, this is most likely a problem with the Start package,
23 error not with npm itself.
23 error Tell the author that this fails on your system:
23 error     node ./bin/www
23 error You can get their info via:
23 error     npm owner ls Start
23 error There is likely additional logging output above.
24 verbose exit [ 1, true ]
